Arguments: 
  C:\Program Files\nodejs\node.exe C:\Program Files (x86)\Yarn\bin\yarn.js add electron-is-dev --dev

PATH: 
  C:\Python39\Scripts\;C:\Python39\;C:\Program Files\Amazon Corretto\jdk11.0.6_10\bin;D:\app\HP\product\11.2.0\dbhome_1\BIN\emctl.bat;C:\Program Files (x86)\Intel\Intel(R) Management Engine Components\iCLS\;C:\Program Files\Intel\Intel(R) Management Engine Components\iCLS\;C:\Program Files\Broadcom\Broadcom 802.11 Network Adapter;C:\Windows\system32;C:\Windows;C:\Windows\System32\Wbem;C:\Windows\System32\WindowsPowerShell\v1.0\;C:\Program Files\Intel\IntelSGXPSW\bin\x64\Release\;C:\Program Files\Intel\IntelSGXPSW\bin\win32\Release\;C:\Program Files (x86)\NVIDIA Corporation\PhysX\Common;C:\Program Files (x86)\Intel\Intel(R) Management Engine Components\DAL;C:\Program Files\Intel\Intel(R) Management Engine Components\DAL;C:\Program Files (x86)\Intel\Intel(R) Management Engine Components\IPT;C:\Program Files\Intel\Intel(R) Management Engine Components\IPT;C:\Program Files\NVIDIA Corporation\NVIDIA NvDLISR;C:\WINDOWS\system32;C:\WINDOWS;C:\WINDOWS\System32\Wbem;C:\WINDOWS\System32\WindowsPowerShell\v1.0\;C:\WINDOWS\System32\OpenSSH\;C:\Program Files\MongoDB\Server\4.2\bin;C:\Users\HP\instantclient_12_1;C:\Program Files\Hewlett-Packard\SimplePass\;C:\Program Files\SourceGear\Common\DiffMerge\;C:\ProgramData\chocolatey\bin;C:\Program Files\OpenJDK\openjdk-8u272-b10\bin;C:\Program Files (x86)\Yarn\bin\;C:\Program Files\Git\cmd;C:\Program Files\nodejs\;C:\Users\HP\AppData\Local\Programs\Python\Python37\Scripts\;C:\Users\HP\AppData\Local\Programs\Python\Python37\;C:\Users\HP\AppData\Local\Programs\Python\Launcher\;C:\Users\HP\AppData\Local\Microsoft\WindowsApps;C:\Program Files\JetBrains\PhpStorm 2019.1.2\bin;;C:\Program Files\JetBrains\PyCharm 2021.1\bin;;C:\Program Files\JetBrains\RubyMine 2019.3.4\bin;;C:\Program Files\JetBrains\WebStorm 2021.1\bin;;C:\Users\HP\AppData\Local\Android\Sdk\platform-tools;C:\Users\HP\anaconda3\Library\bin;C:\Users\HP\AppData\Local\Yarn\bin;C:\Program Files\JetBrains\JetBrains Rider 2020.3.2\bin;;C:\Program Files\MongoDB\Server\4.2\bin;C:\Program Files\heroku\bin;C:\Users\HP\.fly\bin;C:\Users\HP\AppData\Roaming\npm

Yarn version: 
  1.22.5

Node version: 
  14.15.3

Platform: 
  win32 x64

Trace: 
  Error: EBUSY: resource busy or locked, rmdir 'C:\Users\HP\WebstormProjects\vikings\frontend\node_modules\electron'

npm manifest: 
  {
    "name": "light-bootstrap-dashboard-react",
    "version": "2.0.0",
    "dependencies": {
      "@fortawesome/fontawesome-free": "5.15.2",
      "@react-google-maps/api": "^2.2.0",
      "axios": "^0.21.1",
      "bootstrap": "4.6.0",
      "chartist": "0.10.1",
      "date-fns": "^2.22.1",
      "dotenv": "^8.2.0",
      "filepond": "^4.27.1",
      "filepond-plugin-file-encode": "^2.1.10",
      "filepond-plugin-file-validate-type": "^1.2.6",
      "filepond-plugin-image-preview": "^4.6.6",
      "filepond-plugin-image-resize": "^2.0.10",
      "font-awesome": "^4.7.0",
      "gulp": "4.0.2",
      "gulp-append-prepend": "1.0.8",
      "moment": "^2.29.1",
      "mongoose": "^5.13.7",
      "node-sass": "4.14.1",
      "qrcode": "^1.4.4",
      "qrcode.react": "^1.0.1",
      "react": "17.0.1",
      "react-bootstrap": "1.4.3",
      "react-chartist": "0.14.3",
      "react-dom": "17.0.1",
      "react-filepond": "^7.1.1",
      "react-helmet": "^6.1.0",
      "react-notification-alert": "0.0.13",
      "react-redux": "^7.2.4",
      "react-responsive-pagination": "^1.1.4",
      "react-router": "5.2.0",
      "react-router-dom": "5.2.0",
      "react-scripts": "4.0.1",
      "react-search-field": "^1.2.1",
      "redux": "^4.1.0",
      "redux-devtools-extension": "^2.13.9",
      "redux-thunk": "^2.3.0"
    },
    "optionalDependencies": {
      "jquery": "3.5.1",
      "reactstrap": "8.9.0",
      "typescript": "4.1.3"
    },
    "scripts": {
      "start": "react-scripts start",
      "build": "react-scripts build && gulp licenses",
      "test": "react-scripts test --env=jsdom",
      "eject": "react-scripts eject",
      "install:clean": "rm -rf node_modules/ && rm -rf package-lock.json && npm install && npm start",
      "compile:scss": "node-sass src/assets/scss/light-bootstrap-dashboard-react.scss src/assets/css/light-bootstrap-dashboard-react.css",
      "minify:scss": "node-sass src/assets/scss/light-bootstrap-dashboard-react.scss src/assets/css/light-bootstrap-dashboard-react.min.css --output-style compressed",
      "map:scss": "node-sass src/assets/scss/light-bootstrap-dashboard-react.scss src/assets/css/light-bootstrap-dashboard-react.css --source-map true",
      "build:scss": "npm run compile:scss && npm run minify:scss && npm run map:scss"
    },
    "browserslist": {
      "production": [
        ">0.2%",
        "not dead",
        "not op_mini all"
      ],
      "development": [
        "last 1 chrome version",
        "last 1 firefox version",
        "last 1 safari version"
      ]
    },
    "engines": {
      "node": "14.x",
      "npm": "7.x"
    }
  }

yarn manifest: 
  No manifest

Lockfile: 
  No lockfile
